<?xml version="1.0" encoding="UTF-8"?>
<testng-results skipped="0" failed="0" ignored="0" total="1" passed="1">
  <reporter-output>
  </reporter-output>
  <suite name="Suite" duration-ms="64" started-at="2020-10-10T12:14:56 EDT" finished-at="2020-10-10T12:14:56 EDT">
    <groups>
    </groups>
    <test name="Test" duration-ms="64" started-at="2020-10-10T12:14:56 EDT" finished-at="2020-10-10T12:14:56 EDT">
      <class name="helloWorld.helloWorld">
        <test-method status="PASS" signature="display()[pri:0, instance:helloWorld.helloWorld@17579e0f]" name="display" duration-ms="13" started-at="2020-10-10T12:14:56 EDT" finished-at="2020-10-10T12:14:56 EDT">
          <reporter-output>
          </reporter-output>
        </test-method> <!-- display -->
      </class> <!-- helloWorld.helloWorld -->
    </test> <!-- Test -->
  </suite> <!-- Suite -->
</testng-results>
