<?xml version="1.0" encoding="UTF-8"?>
<testng-results skipped="0" failed="0" ignored="0" total="1" passed="1">
  <reporter-output>
  </reporter-output>
  <suite name="Default suite" duration-ms="44" started-at="2020-10-03T12:27:40 EDT" finished-at="2020-10-03T12:27:40 EDT">
    <groups>
    </groups>
    <test name="Default test" duration-ms="44" started-at="2020-10-03T12:27:40 EDT" finished-at="2020-10-03T12:27:40 EDT">
      <class name="helloWorld.helloWorld">
        <test-method status="PASS" signature="display()[pri:0, instance:helloWorld.helloWorld@5c5a1b69]" name="display" duration-ms="8" started-at="2020-10-03T12:27:40 EDT" finished-at="2020-10-03T12:27:40 EDT">
          <reporter-output>
          </reporter-output>
        </test-method> <!-- display -->
      </class> <!-- helloWorld.helloWorld -->
    </test> <!-- Default test -->
  </suite> <!-- Default suite -->
</testng-results>
